androidApp/build/intermediates/manifest_merge_blame_file/release/processReleaseMainManifest/manifest-merger-blame-release-report.txt
1<?xml version="1.0" encoding="utf-8"?>
2<manifest xmlns:android="http://schemas.android.com/apk/res/android"
3    package="echo.music.iad1tya"
4    android:versionCode="100"
5    android:versionName="1.0.0" >
6
7    <uses-sdk
7-->INJECTED
8        android:minSdkVersion="26"
8-->INJECTED
9        android:targetSdkVersion="36" />
9-->INJECTED
10
11    <uses-permission android:name="android.permission.INTERNET" />
11-->src/main/AndroidManifest.xml:5:5-67
11-->src/main/AndroidManifest.xml:5:22-64
12    <uses-permission android:name="com.google.android.gms.permission.AD_ID" />
12-->src/main/AndroidManifest.xml:6:5-79
12-->src/main/AndroidManifest.xml:6:22-76
13    <uses-permission android:name="android.permission.ACCESS_NETWORK_STATE" />
13-->src/main/AndroidManifest.xml:7:5-79
13-->src/main/AndroidManifest.xml:7:22-76
14    <uses-permission android:name="android.permission.POST_NOTIFICATIONS" />
14-->src/main/AndroidManifest.xml:8:5-77
14-->src/main/AndroidManifest.xml:8:22-74
15    <uses-permission android:name="android.permission.READ_MEDIA_AUDIO" />
15-->src/main/AndroidManifest.xml:9:5-75
15-->src/main/AndroidManifest.xml:9:22-72
16    <uses-permission android:name="android.permission.FOREGROUND_SERVICE_MEDIA_PLAYBACK" />
16-->src/main/AndroidManifest.xml:10:5-92
16-->src/main/AndroidManifest.xml:10:22-89
17    <uses-permission android:name="android.permission.FOREGROUND_SERVICE_DATA_SYNC" />
17-->src/main/AndroidManifest.xml:11:5-87
17-->src/main/AndroidManifest.xml:11:22-84
18    <uses-permission android:name="android.permission.RECEIVE_BOOT_COMPLETED" />
18-->src/main/AndroidManifest.xml:12:5-81
18-->src/main/AndroidManifest.xml:12:22-78
19    <uses-permission android:name="android.permission.WAKE_LOCK" />
19-->src/main/AndroidManifest.xml:13:5-68
19-->src/main/AndroidManifest.xml:13:22-65
20    <uses-permission android:name="android.permission.WRITE_EXTERNAL_STORAGE" />
20-->src/main/AndroidManifest.xml:14:5-81
20-->src/main/AndroidManifest.xml:14:22-78
21    <uses-permission android:name="androidx.car.app.MEDIA_TEMPLATES" />
21-->src/main/AndroidManifest.xml:15:5-72
21-->src/main/AndroidManifest.xml:15:22-69
22
23    <uses-feature
23-->src/main/AndroidManifest.xml:17:5-19:36
24        android:name="android.hardware.type.automotive"
24-->src/main/AndroidManifest.xml:18:9-56
25        android:required="false" />
25-->src/main/AndroidManifest.xml:19:9-33
26    <uses-feature
26-->src/main/AndroidManifest.xml:20:5-22:36
27        android:name="android.hardware.wifi"
27-->src/main/AndroidManifest.xml:21:9-45
28        android:required="false" />
28-->src/main/AndroidManifest.xml:22:9-33
29    <uses-feature
29-->src/main/AndroidManifest.xml:23:5-25:36
30        android:name="android.hardware.screen.portrait"
30-->src/main/AndroidManifest.xml:24:9-56
31        android:required="false" />
31-->src/main/AndroidManifest.xml:25:9-33
32    <uses-feature
32-->src/main/AndroidManifest.xml:26:5-28:36
33        android:name="android.hardware.screen.landscape"
33-->src/main/AndroidManifest.xml:27:9-57
34        android:required="false" />
34-->src/main/AndroidManifest.xml:28:9-33
35    <uses-feature
35-->src/main/AndroidManifest.xml:29:5-31:36
36        android:name="android.software.car.templates_host.media"
36-->src/main/AndroidManifest.xml:30:9-65
37        android:required="false" />
37-->src/main/AndroidManifest.xml:31:9-33
38
39    <queries>
39-->src/main/AndroidManifest.xml:33:5-37:15
40        <intent>
40-->src/main/AndroidManifest.xml:34:9-36:18
41            <action android:name="android.media.action.DISPLAY_AUDIO_EFFECT_CONTROL_PANEL" />
41-->src/main/AndroidManifest.xml:35:13-94
41-->src/main/AndroidManifest.xml:35:21-91
42        </intent>
43        <intent>
43-->[com.startapp:inapp-sdk:5.1.0] AndroidManifest.xml:16:9-18:18
44            <action android:name="android.intent.action.MAIN" />
44-->src/main/AndroidManifest.xml:74:17-69
44-->src/main/AndroidManifest.xml:74:25-66
45        </intent>
46
47        <package android:name="com.google.android.gms.policy_cast_dynamite" />
47-->[com.google.android.gms:play-services-cast-framework:22.3.1] AndroidManifest.xml:15:9-79
47-->[com.google.android.gms:play-services-cast-framework:22.3.1] AndroidManifest.xml:15:18-76
48
49        <provider
49-->[androidx.car.app:app:1.9.0-alpha01] AndroidManifest.xml:24:9-27:43
50            android:name="androidx.car.app.connection.provider"
50-->[androidx.car.app:app:1.9.0-alpha01] AndroidManifest.xml:25:13-64
51            android:authorities="androidx.car.app.connection" />
51-->[androidx.car.app:app:1.9.0-alpha01] AndroidManifest.xml:26:13-62
52    </queries>
53    <queries>
53-->src/main/AndroidManifest.xml:33:5-37:15
54        <package android:name="echo.music.iad1tya" />
54-->src/main/AndroidManifest.xml:39:9-54
54-->src/main/AndroidManifest.xml:39:18-51
55    </queries>
56    <queries>
56-->src/main/AndroidManifest.xml:33:5-37:15
57        <intent>
57-->src/main/AndroidManifest.xml:42:9-44:18
58            <action android:name="androidx.media3.session.MediaSessionService" />
58-->src/main/AndroidManifest.xml:230:17-86
58-->src/main/AndroidManifest.xml:230:25-83
59        </intent>
60    </queries>
61
62    <uses-permission android:name="android.permission.ACCESS_WIFI_STATE" />
62-->[com.startapp:inapp-sdk:5.1.0] AndroidManifest.xml:8:5-76
62-->[com.startapp:inapp-sdk:5.1.0] AndroidManifest.xml:8:22-73
63    <uses-permission android:name="com.google.android.finsky.permission.BIND_GET_INSTALL_REFERRER_SERVICE" />
63-->[com.startapp:inapp-sdk:5.1.0] AndroidManifest.xml:11:5-110
63-->[com.startapp:inapp-sdk:5.1.0] AndroidManifest.xml:11:22-107
64    <uses-permission android:name="android.permission.ACCESS_ADSERVICES_TOPICS" /> <!-- This permission is required to start foreground services in Android P. -->
64-->[com.startapp:inapp-sdk:5.1.0] AndroidManifest.xml:13:5-83
64-->[com.startapp:inapp-sdk:5.1.0] AndroidManifest.xml:13:22-80
65    <uses-permission android:name="android.permission.FOREGROUND_SERVICE" />
65-->[com.google.android.gms:play-services-cast-framework:22.3.1] AndroidManifest.xml:12:5-77
65-->[com.google.android.gms:play-services-cast-framework:22.3.1] AndroidManifest.xml:12:22-74
66    <uses-permission android:name="android.permission.ACCESS_ADSERVICES_ATTRIBUTION" />
66-->[com.google.android.gms:play-services-measurement-api:22.0.2] AndroidManifest.xml:26:5-88
66-->[com.google.android.gms:play-services-measurement-api:22.0.2] AndroidManifest.xml:26:22-85
67    <uses-permission android:name="android.permission.ACCESS_ADSERVICES_AD_ID" />
67-->[com.google.android.gms:play-services-measurement-api:22.0.2] AndroidManifest.xml:27:5-82
67-->[com.google.android.gms:play-services-measurement-api:22.0.2] AndroidManifest.xml:27:22-79
68
69    <permission
69-->[androidx.core:core:1.19.0] AndroidManifest.xml:22:5-24:47
70        android:name="echo.music.iad1tya.DYNAMIC_RECEIVER_NOT_EXPORTED_PERMISSION"
70-->[androidx.core:core:1.19.0] AndroidManifest.xml:23:9-81
71        android:protectionLevel="signature" />
71-->[androidx.core:core:1.19.0] AndroidManifest.xml:24:9-44
72
73    <uses-permission android:name="echo.music.iad1tya.DYNAMIC_RECEIVER_NOT_EXPORTED_PERMISSION" />
73-->[androidx.core:core:1.19.0] AndroidManifest.xml:26:5-97
73-->[androidx.core:core:1.19.0] AndroidManifest.xml:26:22-94
74
75    <application
75-->src/main/AndroidManifest.xml:47:5-280:19
76        android:name="echo.music.iad1tya.EchoMusicApplication"
76-->src/main/AndroidManifest.xml:48:9-63
77        android:allowBackup="true"
77-->src/main/AndroidManifest.xml:49:9-35
78        android:appCategory="audio"
78-->src/main/AndroidManifest.xml:50:9-36
79        android:appComponentFactory="androidx.core.app.CoreComponentFactory"
79-->[androidx.core:core:1.19.0] AndroidManifest.xml:28:18-86
80        android:dataExtractionRules="@xml/data_extraction_rules"
80-->src/main/AndroidManifest.xml:51:9-65
81        android:enableOnBackInvokedCallback="true"
81-->src/main/AndroidManifest.xml:58:9-51
82        android:extractNativeLibs="true"
82-->INJECTED
83        android:icon="@mipmap/ic_launcher"
83-->src/main/AndroidManifest.xml:52:9-43
84        android:label="@string/app_name"
84-->src/main/AndroidManifest.xml:53:9-41
85        android:localeConfig="@xml/locale_config"
85-->src/main/AndroidManifest.xml:54:9-50
86        android:networkSecurityConfig="@xml/network_security_config"
86-->src/main/AndroidManifest.xml:55:9-69
87        android:requestLegacyExternalStorage="true"
87-->src/main/AndroidManifest.xml:59:9-52
88        android:supportsRtl="true"
88-->src/main/AndroidManifest.xml:56:9-35
89        android:theme="@style/Theme.AppCompat.DayNight.NoActionBar" >
89-->src/main/AndroidManifest.xml:57:9-68
90        <meta-data
90-->src/main/AndroidManifest.xml:62:9-95
91            android:name="com.startapp.sdk.APPLICATION_ID"
91-->src/main/AndroidManifest.xml:62:20-66
92            android:value="207959801" />
92-->src/main/AndroidManifest.xml:62:67-92
93
94        <activity
94-->src/main/AndroidManifest.xml:64:9-189:20
95            android:name="echo.music.iad1tya.MainActivity"
95-->src/main/AndroidManifest.xml:65:13-59
96            android:configChanges="keyboardHidden|screenSize|screenLayout|smallestScreenSize"
96-->src/main/AndroidManifest.xml:66:13-94
97            android:enableOnBackInvokedCallback="true"
97-->src/main/AndroidManifest.xml:69:13-55
98            android:exported="true"
98-->src/main/AndroidManifest.xml:67:13-36
99            android:launchMode="singleTask"
99-->src/main/AndroidManifest.xml:70:13-44
100            android:supportsPictureInPicture="true"
100-->src/main/AndroidManifest.xml:68:13-52
101            android:theme="@style/Theme.AppCompat.DayNight.NoActionBar" >
101-->src/main/AndroidManifest.xml:71:13-72
102            <intent-filter>
102-->src/main/AndroidManifest.xml:73:13-81:29
103                <action android:name="android.intent.action.MAIN" />
103-->src/main/AndroidManifest.xml:74:17-69
103-->src/main/AndroidManifest.xml:74:25-66
104                <action android:name="android.intent.action.VIEW" />
104-->src/main/AndroidManifest.xml:75:17-69
104-->src/main/AndroidManifest.xml:75:25-66
105                <action android:name="android.intent.action.MUSIC_PLAYER" />
105-->src/main/AndroidManifest.xml:76:17-77
105-->src/main/AndroidManifest.xml:76:25-74
106
107                <category android:name="android.intent.category.LAUNCHER" />
107-->src/main/AndroidManifest.xml:78:17-77
107-->src/main/AndroidManifest.xml:78:27-74
108                <category android:name="android.intent.category.APP_MUSIC" />
108-->src/main/AndroidManifest.xml:79:17-78
108-->src/main/AndroidManifest.xml:79:27-75
109                <category android:name="android.intent.category.DEFAULT" />
109-->src/main/AndroidManifest.xml:80:17-76
109-->src/main/AndroidManifest.xml:80:27-73
110            </intent-filter>
111
112            <!--
113                 Car App Library: host asks to surface the media playback screen
114                 (minimized control panel tap, system media surfaces)
115            -->
116            <intent-filter>
116-->src/main/AndroidManifest.xml:85:13-89:29
117                <action android:name="androidx.car.app.media.action.SHOW_MEDIA_PLAYBACK" />
117-->src/main/AndroidManifest.xml:86:17-92
117-->src/main/AndroidManifest.xml:86:25-89
118
119                <category android:name="android.intent.category.DEFAULT" />
119-->src/main/AndroidManifest.xml:80:17-76
119-->src/main/AndroidManifest.xml:80:27-73
120            </intent-filter>
121
122            <!-- Youtube filter -->
123            <intent-filter android:autoVerify="true" >
123-->src/main/AndroidManifest.xml:92:13-116:29
123-->src/main/AndroidManifest.xml:92:28-53
124                <action android:name="android.intent.action.VIEW" />
124-->src/main/AndroidManifest.xml:75:17-69
124-->src/main/AndroidManifest.xml:75:25-66
125                <action android:name="android.media.action.MEDIA_PLAY_FROM_SEARCH" />
125-->src/main/AndroidManifest.xml:94:17-86
125-->src/main/AndroidManifest.xml:94:25-83
126                <action android:name="android.nfc.action.NDEF_DISCOVERED" />
126-->src/main/AndroidManifest.xml:95:17-77
126-->src/main/AndroidManifest.xml:95:25-74
127
128                <category android:name="android.intent.category.DEFAULT" />
128-->src/main/AndroidManifest.xml:80:17-76
128-->src/main/AndroidManifest.xml:80:27-73
129                <category android:name="android.intent.category.BROWSABLE" />
129-->src/main/AndroidManifest.xml:98:17-78
129-->src/main/AndroidManifest.xml:98:27-75
130
131                <data android:scheme="http" />
131-->src/main/AndroidManifest.xml:100:17-47
131-->src/main/AndroidManifest.xml:100:23-44
132                <data android:scheme="https" />
132-->src/main/AndroidManifest.xml:100:17-47
132-->src/main/AndroidManifest.xml:100:23-44
133                <data android:host="youtube.com" />
133-->src/main/AndroidManifest.xml:100:17-47
133-->src/main/AndroidManifest.xml:102:23-49
134                <data android:host="m.youtube.com" />
134-->src/main/AndroidManifest.xml:100:17-47
134-->src/main/AndroidManifest.xml:102:23-49
135                <data android:host="www.youtube.com" />
135-->src/main/AndroidManifest.xml:100:17-47
135-->src/main/AndroidManifest.xml:102:23-49
136                <data android:host="music.youtube.com" />
136-->src/main/AndroidManifest.xml:100:17-47
136-->src/main/AndroidManifest.xml:102:23-49
137                <!-- video prefix -->
138                <data android:pathPrefix="/v/" />
138-->src/main/AndroidManifest.xml:100:17-47
138-->src/main/AndroidManifest.xml:107:23-47
139                <data android:pathPrefix="/embed/" />
139-->src/main/AndroidManifest.xml:100:17-47
139-->src/main/AndroidManifest.xml:107:23-47
140                <data android:pathPrefix="/watch" />
140-->src/main/AndroidManifest.xml:100:17-47
140-->src/main/AndroidManifest.xml:107:23-47
141                <!-- channel prefix -->
142                <data android:pathPrefix="/channel/" />
142-->src/main/AndroidManifest.xml:100:17-47
142-->src/main/AndroidManifest.xml:107:23-47
143                <data android:pathPrefix="/user/" />
143-->src/main/AndroidManifest.xml:100:17-47
143-->src/main/AndroidManifest.xml:107:23-47
144                <data android:pathPrefix="/c/" />
144-->src/main/AndroidManifest.xml:100:17-47
144-->src/main/AndroidManifest.xml:107:23-47
145                <!-- playlist prefix -->
146                <data android:pathPrefix="/playlist" />
146-->src/main/AndroidManifest.xml:100:17-47
146-->src/main/AndroidManifest.xml:107:23-47
147            </intent-filter>
148            <intent-filter android:autoVerify="true" >
148-->src/main/AndroidManifest.xml:117:13-129:29
148-->src/main/AndroidManifest.xml:117:28-53
149                <action android:name="android.intent.action.VIEW" />
149-->src/main/AndroidManifest.xml:75:17-69
149-->src/main/AndroidManifest.xml:75:25-66
150                <action android:name="android.media.action.MEDIA_PLAY_FROM_SEARCH" />
150-->src/main/AndroidManifest.xml:94:17-86
150-->src/main/AndroidManifest.xml:94:25-83
151                <action android:name="android.nfc.action.NDEF_DISCOVERED" />
151-->src/main/AndroidManifest.xml:95:17-77
151-->src/main/AndroidManifest.xml:95:25-74
152
153                <category android:name="android.intent.category.DEFAULT" />
153-->src/main/AndroidManifest.xml:80:17-76
153-->src/main/AndroidManifest.xml:80:27-73
154                <category android:name="android.intent.category.BROWSABLE" />
154-->src/main/AndroidManifest.xml:98:17-78
154-->src/main/AndroidManifest.xml:98:27-75
155
156                <data android:scheme="http" />
156-->src/main/AndroidManifest.xml:100:17-47
156-->src/main/AndroidManifest.xml:100:23-44
157                <data android:scheme="https" />
157-->src/main/AndroidManifest.xml:100:17-47
157-->src/main/AndroidManifest.xml:100:23-44
158                <data android:host="youtu.be" />
158-->src/main/AndroidManifest.xml:100:17-47
158-->src/main/AndroidManifest.xml:102:23-49
159                <data android:pathPrefix="/" />
159-->src/main/AndroidManifest.xml:100:17-47
159-->src/main/AndroidManifest.xml:107:23-47
160            </intent-filter>
161            <intent-filter>
161-->src/main/AndroidManifest.xml:130:13-140:29
162                <action android:name="android.intent.action.VIEW" />
162-->src/main/AndroidManifest.xml:75:17-69
162-->src/main/AndroidManifest.xml:75:25-66
163                <action android:name="android.media.action.MEDIA_PLAY_FROM_SEARCH" />
163-->src/main/AndroidManifest.xml:94:17-86
163-->src/main/AndroidManifest.xml:94:25-83
164                <action android:name="android.nfc.action.NDEF_DISCOVERED" />
164-->src/main/AndroidManifest.xml:95:17-77
164-->src/main/AndroidManifest.xml:95:25-74
165
166                <category android:name="android.intent.category.DEFAULT" />
166-->src/main/AndroidManifest.xml:80:17-76
166-->src/main/AndroidManifest.xml:80:27-73
167                <category android:name="android.intent.category.BROWSABLE" />
167-->src/main/AndroidManifest.xml:98:17-78
167-->src/main/AndroidManifest.xml:98:27-75
168
169                <data android:scheme="vnd.youtube" />
169-->src/main/AndroidManifest.xml:100:17-47
169-->src/main/AndroidManifest.xml:100:23-44
170                <data android:scheme="vnd.youtube.launch" />
170-->src/main/AndroidManifest.xml:100:17-47
170-->src/main/AndroidManifest.xml:100:23-44
171            </intent-filter>
172
173            <!-- echoMusic deep link filter (https) -->
174            <intent-filter android:autoVerify="true" >
174-->src/main/AndroidManifest.xml:143:13-152:29
174-->src/main/AndroidManifest.xml:143:28-53
175                <action android:name="android.intent.action.VIEW" />
175-->src/main/AndroidManifest.xml:75:17-69
175-->src/main/AndroidManifest.xml:75:25-66
176
177                <category android:name="android.intent.category.DEFAULT" />
177-->src/main/AndroidManifest.xml:80:17-76
177-->src/main/AndroidManifest.xml:80:27-73
178                <category android:name="android.intent.category.BROWSABLE" />
178-->src/main/AndroidManifest.xml:98:17-78
178-->src/main/AndroidManifest.xml:98:27-75
179
180                <data android:scheme="https" />
180-->src/main/AndroidManifest.xml:100:17-47
180-->src/main/AndroidManifest.xml:100:23-44
181                <data android:host="echomusic.org" />
181-->src/main/AndroidManifest.xml:100:17-47
181-->src/main/AndroidManifest.xml:102:23-49
182                <data android:pathPrefix="/app/" />
182-->src/main/AndroidManifest.xml:100:17-47
182-->src/main/AndroidManifest.xml:107:23-47
183            </intent-filter>
184
185            <!-- echoMusic deep link filter (custom scheme) -->
186            <intent-filter>
186-->src/main/AndroidManifest.xml:155:13-162:29
187                <action android:name="android.intent.action.VIEW" />
187-->src/main/AndroidManifest.xml:75:17-69
187-->src/main/AndroidManifest.xml:75:25-66
188
189                <category android:name="android.intent.category.DEFAULT" />
189-->src/main/AndroidManifest.xml:80:17-76
189-->src/main/AndroidManifest.xml:80:27-73
190                <category android:name="android.intent.category.BROWSABLE" />
190-->src/main/AndroidManifest.xml:98:17-78
190-->src/main/AndroidManifest.xml:98:27-75
191
192                <data android:scheme="echomusic" />
192-->src/main/AndroidManifest.xml:100:17-47
192-->src/main/AndroidManifest.xml:100:23-44
193            </intent-filter>
194
195            <!--
196                 Last.fm auth callback. The scheme is fixed by the callback URL registered on the
197                 Last.fm API account, so it is not "echomusic".
198            -->
199            <intent-filter>
199-->src/main/AndroidManifest.xml:166:13-175:29
200                <action android:name="android.intent.action.VIEW" />
200-->src/main/AndroidManifest.xml:75:17-69
200-->src/main/AndroidManifest.xml:75:25-66
201
202                <category android:name="android.intent.category.DEFAULT" />
202-->src/main/AndroidManifest.xml:80:17-76
202-->src/main/AndroidManifest.xml:80:27-73
203                <category android:name="android.intent.category.BROWSABLE" />
203-->src/main/AndroidManifest.xml:98:17-78
203-->src/main/AndroidManifest.xml:98:27-75
204
205                <data
205-->src/main/AndroidManifest.xml:100:17-47
206                    android:host="lastfm-auth"
206-->src/main/AndroidManifest.xml:102:23-49
207                    android:scheme="wordbyword" />
207-->src/main/AndroidManifest.xml:100:23-44
208            </intent-filter>
209
210            <!-- Share filter -->
211            <intent-filter>
211-->src/main/AndroidManifest.xml:178:13-184:29
212                <action android:name="android.intent.action.SEND" />
212-->src/main/AndroidManifest.xml:179:17-69
212-->src/main/AndroidManifest.xml:179:25-66
213
214                <category android:name="android.intent.category.DEFAULT" />
214-->src/main/AndroidManifest.xml:80:17-76
214-->src/main/AndroidManifest.xml:80:27-73
215
216                <data android:mimeType="text/plain" />
216-->src/main/AndroidManifest.xml:100:17-47
216-->src/main/AndroidManifest.xml:183:23-52
217            </intent-filter>
218
219            <meta-data
219-->src/main/AndroidManifest.xml:186:13-188:53
220                android:name="android.app.shortcuts"
220-->src/main/AndroidManifest.xml:187:17-53
221                android:resource="@xml/shortcuts" />
221-->src/main/AndroidManifest.xml:188:17-50
222        </activity>
223
224        <provider
224-->INJECTED
225            android:name="androidx.startup.InitializationProvider"
225-->src/main/AndroidManifest.xml:192:13-67
226            android:authorities="echo.music.iad1tya.androidx-startup"
226-->INJECTED
227            android:exported="false" >
227-->src/main/AndroidManifest.xml:194:13-37
228            <meta-data
228-->[androidx.emoji2:emoji2:1.4.0] AndroidManifest.xml:29:13-31:52
229                android:name="androidx.emoji2.text.EmojiCompatInitializer"
229-->[androidx.emoji2:emoji2:1.4.0] AndroidManifest.xml:30:17-75
230                android:value="androidx.startup" />
230-->[androidx.emoji2:emoji2:1.4.0] AndroidManifest.xml:31:17-49
231            <meta-data
231-->[androidx.lifecycle:lifecycle-process:2.11.0] AndroidManifest.xml:29:13-31:52
232                android:name="androidx.lifecycle.ProcessLifecycleInitializer"
232-->[androidx.lifecycle:lifecycle-process:2.11.0] AndroidManifest.xml:30:17-78
233                android:value="androidx.startup" />
233-->[androidx.lifecycle:lifecycle-process:2.11.0] AndroidManifest.xml:31:17-49
234            <meta-data
234-->[androidx.profileinstaller:profileinstaller:1.4.1] AndroidManifest.xml:29:13-31:52
235                android:name="androidx.profileinstaller.ProfileInstallerInitializer"
235-->[androidx.profileinstaller:profileinstaller:1.4.1] AndroidManifest.xml:30:17-85
236                android:value="androidx.startup" />
236-->[androidx.profileinstaller:profileinstaller:1.4.1] AndroidManifest.xml:31:17-49
237            <meta-data
237-->[com.squareup.okhttp3:okhttp-android:5.4.0] AndroidManifest.xml:16:13-18:52
238                android:name="okhttp3.internal.platform.PlatformInitializer"
238-->[com.squareup.okhttp3:okhttp-android:5.4.0] AndroidManifest.xml:17:17-77
239                android:value="androidx.startup" />
239-->[com.squareup.okhttp3:okhttp-android:5.4.0] AndroidManifest.xml:18:17-49
240        </provider>
241        <provider
241-->INJECTED
242            android:name="androidx.core.content.FileProvider"
242-->src/main/AndroidManifest.xml:202:13-62
243            android:authorities="echo.music.iad1tya.FileProvider"
243-->INJECTED
244            android:exported="false"
244-->src/main/AndroidManifest.xml:204:13-37
245            android:grantUriPermissions="true" >
245-->src/main/AndroidManifest.xml:205:13-47
246            <meta-data
246-->src/main/AndroidManifest.xml:206:13-208:58
247                android:name="android.support.FILE_PROVIDER_PATHS"
247-->src/main/AndroidManifest.xml:207:17-67
248                android:resource="@xml/provider_paths" />
248-->src/main/AndroidManifest.xml:208:17-55
249        </provider>
250
251        <meta-data
251-->src/main/AndroidManifest.xml:211:9-213:55
252            android:name="androidx.car.app.TintableAttributionIcon"
252-->src/main/AndroidManifest.xml:212:13-68
253            android:resource="@drawable/monochrome" />
253-->src/main/AndroidManifest.xml:213:13-52
254
255        <service
255-->src/main/AndroidManifest.xml:215:9-222:19
256            android:name="androidx.appcompat.app.AppLocalesMetadataHolderService"
256-->src/main/AndroidManifest.xml:216:13-82
257            android:enabled="false"
257-->src/main/AndroidManifest.xml:217:13-36
258            android:exported="false" >
258-->src/main/AndroidManifest.xml:218:13-37
259            <meta-data
259-->src/main/AndroidManifest.xml:219:13-221:40
260                android:name="autoStoreLocales"
260-->src/main/AndroidManifest.xml:220:17-48
261                android:value="true" />
261-->src/main/AndroidManifest.xml:221:17-37
262        </service>
263        <service
263-->src/main/AndroidManifest.xml:223:9-235:19
264            android:name="echo.music.iad1tya.media3.service.SimpleMediaService"
264-->src/main/AndroidManifest.xml:224:13-80
265            android:exported="true"
265-->src/main/AndroidManifest.xml:225:13-36
266            android:foregroundServiceType="mediaPlayback"
266-->src/main/AndroidManifest.xml:226:13-58
267            android:stopWithTask="false" >
267-->src/main/AndroidManifest.xml:227:13-41
268            <intent-filter>
268-->src/main/AndroidManifest.xml:229:13-234:29
269                <action android:name="androidx.media3.session.MediaSessionService" />
269-->src/main/AndroidManifest.xml:230:17-86
269-->src/main/AndroidManifest.xml:230:25-83
270                <action android:name="androidx.media3.session.MediaLibraryService" />
270-->src/main/AndroidManifest.xml:231:17-86
270-->src/main/AndroidManifest.xml:231:25-83
271                <action android:name="android.media.browse.MediaBrowserService" />
271-->src/main/AndroidManifest.xml:232:17-83
271-->src/main/AndroidManifest.xml:232:25-80
272                <action android:name="android.intent.action.MEDIA_BUTTON" />
272-->src/main/AndroidManifest.xml:233:17-77
272-->src/main/AndroidManifest.xml:233:25-74
273            </intent-filter>
274        </service>
275        <service
275-->src/main/AndroidManifest.xml:236:9-245:19
276            android:name="echo.music.iad1tya.media3.service.download.MusicDownloadService"
276-->src/main/AndroidManifest.xml:237:13-91
277            android:exported="true"
277-->src/main/AndroidManifest.xml:238:13-36
278            android:foregroundServiceType="dataSync" >
278-->src/main/AndroidManifest.xml:239:13-53
279            <intent-filter>
279-->src/main/AndroidManifest.xml:240:13-244:29
280                <action android:name="androidx.media3.exoplayer.downloadService.action.RESTART" />
280-->src/main/AndroidManifest.xml:241:17-99
280-->src/main/AndroidManifest.xml:241:25-96
281
282                <category android:name="android.intent.category.DEFAULT" />
282-->src/main/AndroidManifest.xml:80:17-76
282-->src/main/AndroidManifest.xml:80:27-73
283            </intent-filter>
284        </service>
285
286        <receiver
286-->src/main/AndroidManifest.xml:247:9-253:20
287            android:name="androidx.media3.session.MediaButtonReceiver"
287-->src/main/AndroidManifest.xml:248:13-71
288            android:exported="true" >
288-->src/main/AndroidManifest.xml:249:13-36
289            <intent-filter>
289-->src/main/AndroidManifest.xml:250:13-252:29
290                <action android:name="android.intent.action.MEDIA_BUTTON" />
290-->src/main/AndroidManifest.xml:233:17-77
290-->src/main/AndroidManifest.xml:233:25-74
291            </intent-filter>
292        </receiver>
293
294        <meta-data
294-->src/main/AndroidManifest.xml:255:9-257:59
295            android:name="com.google.android.gms.car.application"
295-->src/main/AndroidManifest.xml:256:13-66
296            android:resource="@xml/automotive_app_desc" />
296-->src/main/AndroidManifest.xml:257:13-56
297        <meta-data
297-->src/main/AndroidManifest.xml:259:9-261:33
298            android:name="androidx.car.app.minCarApiLevel"
298-->src/main/AndroidManifest.xml:260:13-59
299            android:value="8" />
299-->src/main/AndroidManifest.xml:261:13-30
300
301        <service
301-->src/main/AndroidManifest.xml:263:9-272:19
302            android:name="echo.music.iad1tya.media3.carapp.echoMusicCarAppService"
302-->src/main/AndroidManifest.xml:264:13-83
303            android:exported="true" >
303-->src/main/AndroidManifest.xml:265:13-36
304            <intent-filter>
304-->src/main/AndroidManifest.xml:267:13-271:29
305                <action android:name="androidx.car.app.CarAppService" />
305-->src/main/AndroidManifest.xml:268:17-73
305-->src/main/AndroidManifest.xml:268:25-70
306                <action android:name="androidx.car.app.media.action.SHOW_MEDIA_PLAYBACK" />
306-->src/main/AndroidManifest.xml:86:17-92
306-->src/main/AndroidManifest.xml:86:25-89
307
308                <category android:name="androidx.car.app.category.MEDIA" />
308-->src/main/AndroidManifest.xml:270:17-76
308-->src/main/AndroidManifest.xml:270:27-73
309            </intent-filter>
310        </service>
311
312        <meta-data
312-->src/main/AndroidManifest.xml:275:9-277:37
313            android:name="io.sentry.auto-init"
313-->src/main/AndroidManifest.xml:276:13-47
314            android:value="false" />
314-->src/main/AndroidManifest.xml:277:13-34
315
316        <provider
316-->[com.startapp:inapp-sdk:5.1.0] AndroidManifest.xml:22:9-25:40
317            android:name="com.startapp.sdk.adsbase.StartAppInitProvider"
317-->[com.startapp:inapp-sdk:5.1.0] AndroidManifest.xml:23:13-73